

Version:	3.50
CmdLine:	C:\Drive D\Paarth\Code\KaataZero\dist\KaataZero.exe --l4j-debug
JNI:		No
WOW64:		Yes
Working dir:	C:\Drive D\Paarth\Code\KaataZero\dist\.
Requires JDK:	No
Requires 64-Bit: No
Java min ver:	
Java max ver:	
Substitute:	JAVA_HOME = 
Substitute:	PATH = C:\Program Files\Zulu\zulu-21\bin\;C:\Program Files (x86)\Common Files\Oracle\Java\javapath;C:\WINDOWS\system32;C:\WINDOWS;C:\WINDOWS\System32\Wbem;C:\WINDOWS\System32\WindowsPowerShell\v1.0\;C:\WINDOWS\System32\OpenSSH\;C:\Program Files\Git\cmd;C:\Program Files\cursor\resources\app\bin;C:\Users\paart\AppData\Local\Programs\Python\Python313\Scripts\;C:\Users\paart\AppData\Local\Programs\Python\Python313\;C:\Users\paart\AppData\Local\Microsoft\WindowsApps;C:\Program Files\JetBrains\IntelliJ IDEA Community Edition 2025.2.1\bin;C:\Users\paart\AppData\Local\GitHubDesktop\bin;C:\Program Files\JetBrains\PyCharm 2025.2.2\bin;C:\Program Files\Java\jre-1.8\bin
JRE paths:	;C:\Program Files\Zulu\zulu-21\bin\;C:\Program Files (x86)\Common Files\Oracle\Java\javapath;C:\WINDOWS\system32;C:\WINDOWS;C:\WINDOWS\System32\Wbem;C:\WINDOWS\System32\WindowsPowerShell\v1.0\;C:\WINDOWS\System32\OpenSSH\;C:\Program Files\Git\cmd;C:\Program Files\cursor\resources\app\bin;C:\Users\paart\AppData\Local\Programs\Python\Python313\Scripts\;C:\Users\paart\AppData\Local\Programs\Python\Python313\;C:\Users\paart\AppData\Local\Microsoft\WindowsApps;C:\Program Files\JetBrains\IntelliJ IDEA Community Edition 2025.2.1\bin;C:\Users\paart\AppData\Local\GitHubDesktop\bin;C:\Program Files\JetBrains\PyCharm 2025.2.2\bin;C:\Program Files\Java\jre-1.8\bin
Check launcher:	C:\Program Files\Zulu\zulu-21\bin\bin\javaw.exe (not found)
Check launcher:	C:\Program Files (x86)\Common Files\Oracle\Java\javapath\bin\javaw.exe (not found)
Check launcher:	C:\WINDOWS\system32\bin\javaw.exe (not found)
Check launcher:	C:\WINDOWS\bin\javaw.exe (not found)
Check launcher:	C:\WINDOWS\System32\Wbem\bin\javaw.exe (not found)
Check launcher:	C:\WINDOWS\System32\WindowsPowerShell\v1.0\bin\javaw.exe (not found)
Check launcher:	C:\WINDOWS\System32\OpenSSH\bin\javaw.exe (not found)
Check launcher:	C:\Program Files\Git\cmd\bin\javaw.exe (not found)
Check launcher:	C:\Program Files\cursor\resources\app\bin\javaw.exe (not found)
Check launcher:	C:\Users\paart\AppData\Local\Programs\Python\Python313\Scripts\bin\javaw.exe (not found)
Check launcher:	C:\Users\paart\AppData\Local\Programs\Python\Python313\bin\javaw.exe (not found)
Check launcher:	C:\Users\paart\AppData\Local\Microsoft\WindowsApps\bin\javaw.exe (not found)
Check launcher:	C:\Program Files\JetBrains\IntelliJ IDEA Community Edition 2025.2.1\bin\javaw.exe (not found)
Check launcher:	C:\Users\paart\AppData\Local\GitHubDesktop\bin\javaw.exe (not found)
Check launcher:	C:\Program Files\JetBrains\PyCharm 2025.2.2\bin\javaw.exe (not found)
Check launcher:	C:\Program Files\Java\jre-1.8\bin\javaw.exe (OK)
Version string: 1.008.000_401 / 64-Bit (OK)
Substitute:	Java 1.6 = 
Launcher:	C:\Program Files\Java\jre-1.8\bin\javaw.exe
Launcher args:	-Denv.java.1.6="" -jar "C:\Drive D\Paarth\Code\KaataZero\dist\KaataZero.exe"
Args length:	76/32768 chars
Exit code:	0


Version:	3.50
CmdLine:	C:\Drive D\Paarth\Code\KaataZero\dist\KaataZero.exe --l4j-debug
JNI:		No
WOW64:		Yes
Working dir:	C:\Drive D\Paarth\Code\KaataZero\dist\.
Requires JDK:	No
Requires 64-Bit: No
Java min ver:	
Java max ver:	
Substitute:	JAVA_HOME = 
Substitute:	PATH = C:\Program Files\Zulu\zulu-21\bin\;C:\Program Files (x86)\Common Files\Oracle\Java\javapath;C:\WINDOWS\system32;C:\WINDOWS;C:\WINDOWS\System32\Wbem;C:\WINDOWS\System32\WindowsPowerShell\v1.0\;C:\WINDOWS\System32\OpenSSH\;C:\Program Files\Git\cmd;C:\Program Files\cursor\resources\app\bin;C:\Users\paart\AppData\Local\Programs\Python\Python313\Scripts\;C:\Users\paart\AppData\Local\Programs\Python\Python313\;C:\Users\paart\AppData\Local\Microsoft\WindowsApps;C:\Program Files\JetBrains\IntelliJ IDEA Community Edition 2025.2.1\bin;C:\Users\paart\AppData\Local\GitHubDesktop\bin;C:\Program Files\JetBrains\PyCharm 2025.2.2\bin;C:\Program Files\Java\jre-1.8\bin
JRE paths:	;C:\Program Files\Zulu\zulu-21\bin\;C:\Program Files (x86)\Common Files\Oracle\Java\javapath;C:\WINDOWS\system32;C:\WINDOWS;C:\WINDOWS\System32\Wbem;C:\WINDOWS\System32\WindowsPowerShell\v1.0\;C:\WINDOWS\System32\OpenSSH\;C:\Program Files\Git\cmd;C:\Program Files\cursor\resources\app\bin;C:\Users\paart\AppData\Local\Programs\Python\Python313\Scripts\;C:\Users\paart\AppData\Local\Programs\Python\Python313\;C:\Users\paart\AppData\Local\Microsoft\WindowsApps;C:\Program Files\JetBrains\IntelliJ IDEA Community Edition 2025.2.1\bin;C:\Users\paart\AppData\Local\GitHubDesktop\bin;C:\Program Files\JetBrains\PyCharm 2025.2.2\bin;C:\Program Files\Java\jre-1.8\bin
Check launcher:	C:\Program Files\Zulu\zulu-21\bin\bin\javaw.exe (not found)
Check launcher:	C:\Program Files (x86)\Common Files\Oracle\Java\javapath\bin\javaw.exe (not found)
Check launcher:	C:\WINDOWS\system32\bin\javaw.exe (not found)
Check launcher:	C:\WINDOWS\bin\javaw.exe (not found)
Check launcher:	C:\WINDOWS\System32\Wbem\bin\javaw.exe (not found)
Check launcher:	C:\WINDOWS\System32\WindowsPowerShell\v1.0\bin\javaw.exe (not found)
Check launcher:	C:\WINDOWS\System32\OpenSSH\bin\javaw.exe (not found)
Check launcher:	C:\Program Files\Git\cmd\bin\javaw.exe (not found)
Check launcher:	C:\Program Files\cursor\resources\app\bin\javaw.exe (not found)
Check launcher:	C:\Users\paart\AppData\Local\Programs\Python\Python313\Scripts\bin\javaw.exe (not found)
Check launcher:	C:\Users\paart\AppData\Local\Programs\Python\Python313\bin\javaw.exe (not found)
Check launcher:	C:\Users\paart\AppData\Local\Microsoft\WindowsApps\bin\javaw.exe (not found)
Check launcher:	C:\Program Files\JetBrains\IntelliJ IDEA Community Edition 2025.2.1\bin\javaw.exe (not found)
Check launcher:	C:\Users\paart\AppData\Local\GitHubDesktop\bin\javaw.exe (not found)
Check launcher:	C:\Program Files\JetBrains\PyCharm 2025.2.2\bin\javaw.exe (not found)
Check launcher:	C:\Program Files\Java\jre-1.8\bin\javaw.exe (OK)
Version string: 1.008.000_401 / 64-Bit (OK)
Launcher:	C:\Program Files\Java\jre-1.8\bin\javaw.exe
Launcher args:	-jar "C:\Drive D\Paarth\Code\KaataZero\dist\KaataZero.exe"
Args length:	58/32768 chars
Exit code:	0


Version:	3.50
CmdLine:	C:\Drive D\Paarth\Code\KaataZero\dist\KaataZero.exe --l4j-debug
JNI:		No
WOW64:		Yes
Working dir:	C:\Drive D\Paarth\Code\KaataZero\dist\.
Requires JDK:	No
Requires 64-Bit: No
Java min ver:	
Java max ver:	
Substitute:	JAVA_HOME = 
Substitute:	PATH = C:\Program Files\Zulu\zulu-21\bin\;C:\Program Files (x86)\Common Files\Oracle\Java\javapath;C:\WINDOWS\system32;C:\WINDOWS;C:\WINDOWS\System32\Wbem;C:\WINDOWS\System32\WindowsPowerShell\v1.0\;C:\WINDOWS\System32\OpenSSH\;C:\Program Files\Git\cmd;C:\Program Files\cursor\resources\app\bin;C:\Users\paart\AppData\Local\Programs\Python\Python313\Scripts\;C:\Users\paart\AppData\Local\Programs\Python\Python313\;C:\Users\paart\AppData\Local\Microsoft\WindowsApps;C:\Program Files\JetBrains\IntelliJ IDEA Community Edition 2025.2.1\bin;C:\Users\paart\AppData\Local\GitHubDesktop\bin;C:\Program Files\JetBrains\PyCharm 2025.2.2\bin;C:\Program Files\Java\jre-1.8\bin
JRE paths:	;C:\Program Files\Zulu\zulu-21\bin\;C:\Program Files (x86)\Common Files\Oracle\Java\javapath;C:\WINDOWS\system32;C:\WINDOWS;C:\WINDOWS\System32\Wbem;C:\WINDOWS\System32\WindowsPowerShell\v1.0\;C:\WINDOWS\System32\OpenSSH\;C:\Program Files\Git\cmd;C:\Program Files\cursor\resources\app\bin;C:\Users\paart\AppData\Local\Programs\Python\Python313\Scripts\;C:\Users\paart\AppData\Local\Programs\Python\Python313\;C:\Users\paart\AppData\Local\Microsoft\WindowsApps;C:\Program Files\JetBrains\IntelliJ IDEA Community Edition 2025.2.1\bin;C:\Users\paart\AppData\Local\GitHubDesktop\bin;C:\Program Files\JetBrains\PyCharm 2025.2.2\bin;C:\Program Files\Java\jre-1.8\bin
Check launcher:	C:\Program Files\Zulu\zulu-21\bin\bin\javaw.exe (not found)
Check launcher:	C:\Program Files (x86)\Common Files\Oracle\Java\javapath\bin\javaw.exe (not found)
Check launcher:	C:\WINDOWS\system32\bin\javaw.exe (not found)
Check launcher:	C:\WINDOWS\bin\javaw.exe (not found)
Check launcher:	C:\WINDOWS\System32\Wbem\bin\javaw.exe (not found)
Check launcher:	C:\WINDOWS\System32\WindowsPowerShell\v1.0\bin\javaw.exe (not found)
Check launcher:	C:\WINDOWS\System32\OpenSSH\bin\javaw.exe (not found)
Check launcher:	C:\Program Files\Git\cmd\bin\javaw.exe (not found)
Check launcher:	C:\Program Files\cursor\resources\app\bin\javaw.exe (not found)
Check launcher:	C:\Users\paart\AppData\Local\Programs\Python\Python313\Scripts\bin\javaw.exe (not found)
Check launcher:	C:\Users\paart\AppData\Local\Programs\Python\Python313\bin\javaw.exe (not found)
Check launcher:	C:\Users\paart\AppData\Local\Microsoft\WindowsApps\bin\javaw.exe (not found)
Check launcher:	C:\Program Files\JetBrains\IntelliJ IDEA Community Edition 2025.2.1\bin\javaw.exe (not found)
Check launcher:	C:\Users\paart\AppData\Local\GitHubDesktop\bin\javaw.exe (not found)
Check launcher:	C:\Program Files\JetBrains\PyCharm 2025.2.2\bin\javaw.exe (not found)
Check launcher:	C:\Program Files\Java\jre-1.8\bin\javaw.exe (OK)
Version string: 1.008.000_401 / 64-Bit (OK)
Substitute:	C:\Program Files\Java\jre-1.8 = 
Substitute:	C:\Program Files\Java\jre-1.8\bin = 
Launcher:	C:\Program Files\Java\jre-1.8\bin\javaw.exe
Launcher args:	-Denv.c:\program.files\java\jre-1.8="" -Denv.c:\program.files\java\jre-1.8\bin="" -jar "C:\Drive D\Paarth\Code\KaataZero\dist\KaataZero.exe"
Args length:	140/32768 chars
Exit code:	0


Version:	3.50
CmdLine:	C:\Drive D\Paarth\Code\KaataZero\dist\KaataZero.exe --l4j-debug
JNI:		No
WOW64:		Yes
Working dir:	C:\Drive D\Paarth\Code\KaataZero\dist\.
Requires JDK:	No
Requires 64-Bit: No
Java min ver:	
Java max ver:	
Substitute:	JAVA_HOME = 
Substitute:	PATH = C:\Program Files\Zulu\zulu-21\bin\;C:\Program Files (x86)\Common Files\Oracle\Java\javapath;C:\WINDOWS\system32;C:\WINDOWS;C:\WINDOWS\System32\Wbem;C:\WINDOWS\System32\WindowsPowerShell\v1.0\;C:\WINDOWS\System32\OpenSSH\;C:\Program Files\Git\cmd;C:\Program Files\cursor\resources\app\bin;C:\Users\paart\AppData\Local\Programs\Python\Python313\Scripts\;C:\Users\paart\AppData\Local\Programs\Python\Python313\;C:\Users\paart\AppData\Local\Microsoft\WindowsApps;C:\Program Files\JetBrains\IntelliJ IDEA Community Edition 2025.2.1\bin;C:\Users\paart\AppData\Local\GitHubDesktop\bin;C:\Program Files\JetBrains\PyCharm 2025.2.2\bin;C:\Program Files\Java\jre-1.8\bin
JRE paths:	;C:\Program Files\Zulu\zulu-21\bin\;C:\Program Files (x86)\Common Files\Oracle\Java\javapath;C:\WINDOWS\system32;C:\WINDOWS;C:\WINDOWS\System32\Wbem;C:\WINDOWS\System32\WindowsPowerShell\v1.0\;C:\WINDOWS\System32\OpenSSH\;C:\Program Files\Git\cmd;C:\Program Files\cursor\resources\app\bin;C:\Users\paart\AppData\Local\Programs\Python\Python313\Scripts\;C:\Users\paart\AppData\Local\Programs\Python\Python313\;C:\Users\paart\AppData\Local\Microsoft\WindowsApps;C:\Program Files\JetBrains\IntelliJ IDEA Community Edition 2025.2.1\bin;C:\Users\paart\AppData\Local\GitHubDesktop\bin;C:\Program Files\JetBrains\PyCharm 2025.2.2\bin;C:\Program Files\Java\jre-1.8\bin
Check launcher:	C:\Program Files\Zulu\zulu-21\bin\bin\javaw.exe (not found)
Check launcher:	C:\Program Files (x86)\Common Files\Oracle\Java\javapath\bin\javaw.exe (not found)
Check launcher:	C:\WINDOWS\system32\bin\javaw.exe (not found)
Check launcher:	C:\WINDOWS\bin\javaw.exe (not found)
Check launcher:	C:\WINDOWS\System32\Wbem\bin\javaw.exe (not found)
Check launcher:	C:\WINDOWS\System32\WindowsPowerShell\v1.0\bin\javaw.exe (not found)
Check launcher:	C:\WINDOWS\System32\OpenSSH\bin\javaw.exe (not found)
Check launcher:	C:\Program Files\Git\cmd\bin\javaw.exe (not found)
Check launcher:	C:\Program Files\cursor\resources\app\bin\javaw.exe (not found)
Check launcher:	C:\Users\paart\AppData\Local\Programs\Python\Python313\Scripts\bin\javaw.exe (not found)
Check launcher:	C:\Users\paart\AppData\Local\Programs\Python\Python313\bin\javaw.exe (not found)
Check launcher:	C:\Users\paart\AppData\Local\Microsoft\WindowsApps\bin\javaw.exe (not found)
Check launcher:	C:\Program Files\JetBrains\IntelliJ IDEA Community Edition 2025.2.1\bin\javaw.exe (not found)
Check launcher:	C:\Users\paart\AppData\Local\GitHubDesktop\bin\javaw.exe (not found)
Check launcher:	C:\Program Files\JetBrains\PyCharm 2025.2.2\bin\javaw.exe (not found)
Check launcher:	C:\Program Files\Java\jre-1.8\bin\javaw.exe (OK)
Version string: 1.008.000_401 / 64-Bit (OK)
Launcher:	C:\Program Files\Java\jre-1.8\bin\javaw.exe
Launcher args:	-jar "C:\Drive D\Paarth\Code\KaataZero\dist\KaataZero.exe"
Args length:	58/32768 chars
Exit code:	0


Version:	3.50
CmdLine:	C:\Drive D\Paarth\Code\KaataZero\dist\KaataZero.exe --l4j-debug
JNI:		No
WOW64:		Yes
Working dir:	C:\Drive D\Paarth\Code\KaataZero\dist\.
Requires JDK:	No
Requires 64-Bit: No
Java min ver:	
Java max ver:	
Substitute:	JAVA_HOME = 
Substitute:	PATH = C:\Program Files\Zulu\zulu-21\bin\;C:\Program Files (x86)\Common Files\Oracle\Java\javapath;C:\WINDOWS\system32;C:\WINDOWS;C:\WINDOWS\System32\Wbem;C:\WINDOWS\System32\WindowsPowerShell\v1.0\;C:\WINDOWS\System32\OpenSSH\;C:\Program Files\Git\cmd;C:\Program Files\cursor\resources\app\bin;C:\Users\paart\AppData\Local\Programs\Python\Python313\Scripts\;C:\Users\paart\AppData\Local\Programs\Python\Python313\;C:\Users\paart\AppData\Local\Microsoft\WindowsApps;C:\Program Files\JetBrains\IntelliJ IDEA Community Edition 2025.2.1\bin;C:\Users\paart\AppData\Local\GitHubDesktop\bin;C:\Program Files\JetBrains\PyCharm 2025.2.2\bin;C:\Program Files\Java\jre-1.8\bin
JRE paths:	;C:\Program Files\Zulu\zulu-21\bin\;C:\Program Files (x86)\Common Files\Oracle\Java\javapath;C:\WINDOWS\system32;C:\WINDOWS;C:\WINDOWS\System32\Wbem;C:\WINDOWS\System32\WindowsPowerShell\v1.0\;C:\WINDOWS\System32\OpenSSH\;C:\Program Files\Git\cmd;C:\Program Files\cursor\resources\app\bin;C:\Users\paart\AppData\Local\Programs\Python\Python313\Scripts\;C:\Users\paart\AppData\Local\Programs\Python\Python313\;C:\Users\paart\AppData\Local\Microsoft\WindowsApps;C:\Program Files\JetBrains\IntelliJ IDEA Community Edition 2025.2.1\bin;C:\Users\paart\AppData\Local\GitHubDesktop\bin;C:\Program Files\JetBrains\PyCharm 2025.2.2\bin;C:\Program Files\Java\jre-1.8\bin
Check launcher:	C:\Program Files\Zulu\zulu-21\bin\bin\javaw.exe (not found)
Check launcher:	C:\Program Files (x86)\Common Files\Oracle\Java\javapath\bin\javaw.exe (not found)
Check launcher:	C:\WINDOWS\system32\bin\javaw.exe (not found)
Check launcher:	C:\WINDOWS\bin\javaw.exe (not found)
Check launcher:	C:\WINDOWS\System32\Wbem\bin\javaw.exe (not found)
Check launcher:	C:\WINDOWS\System32\WindowsPowerShell\v1.0\bin\javaw.exe (not found)
Check launcher:	C:\WINDOWS\System32\OpenSSH\bin\javaw.exe (not found)
Check launcher:	C:\Program Files\Git\cmd\bin\javaw.exe (not found)
Check launcher:	C:\Program Files\cursor\resources\app\bin\javaw.exe (not found)
Check launcher:	C:\Users\paart\AppData\Local\Programs\Python\Python313\Scripts\bin\javaw.exe (not found)
Check launcher:	C:\Users\paart\AppData\Local\Programs\Python\Python313\bin\javaw.exe (not found)
Check launcher:	C:\Users\paart\AppData\Local\Microsoft\WindowsApps\bin\javaw.exe (not found)
Check launcher:	C:\Program Files\JetBrains\IntelliJ IDEA Community Edition 2025.2.1\bin\javaw.exe (not found)
Check launcher:	C:\Users\paart\AppData\Local\GitHubDesktop\bin\javaw.exe (not found)
Check launcher:	C:\Program Files\JetBrains\PyCharm 2025.2.2\bin\javaw.exe (not found)
Check launcher:	C:\Program Files\Java\jre-1.8\bin\javaw.exe (OK)
Version string: 1.008.000_401 / 64-Bit (OK)
Launcher:	C:\Program Files\Java\jre-1.8\bin\javaw.exe
Launcher args:	-jar "C:\Drive D\Paarth\Code\KaataZero\dist\KaataZero.exe"
Args length:	58/32768 chars
Exit code:	0
